12:46:21.251 INFO - Selenium build info: version: '3.5.2', revision: '10229a9020'
12:46:21.252 INFO - Launching a standalone Selenium Server
2018-05-07 12:46:21.293:INFO::main: Logging initialized @641ms to org.seleniumhq.jetty9.util.log.StdErrLog
12:46:21.406 INFO - Driver class not found: com.opera.core.systems.OperaDriver
12:46:21.469 INFO - Driver provider class org.openqa.selenium.ie.InternetExplorerDriver registration is skipped:
 registration capabilities Capabilities [{ensureCleanSession=true, browserName=internet explorer, version=, platform=WINDOWS}] does not match the current platform MAC
12:46:21.470 INFO - Driver provider class org.openqa.selenium.edge.EdgeDriver registration is skipped:
 registration capabilities Capabilities [{browserName=MicrosoftEdge, version=, platform=WINDOWS}] does not match the current platform MAC
12:46:21.521 INFO - Using the passthrough mode handler
2018-05-07 12:46:21.568:INFO:osjs.Server:main: jetty-9.4.5.v20170502
2018-05-07 12:46:21.604:WARN:osjs.SecurityHandler:main: ServletContext@o.s.j.s.ServletContextHandler@65e2dbf3{/,null,STARTING} has uncovered http methods for path: /
2018-05-07 12:46:21.614:INFO:osjsh.ContextHandler:main: Started o.s.j.s.ServletContextHandler@65e2dbf3{/,null,AVAILABLE}
2018-05-07 12:46:21.665:INFO:osjs.AbstractConnector:main: Started ServerConnector@71123ba5{HTTP/1.1,[http/1.1]}{0.0.0.0:8081}
2018-05-07 12:46:21.666:INFO:osjs.Server:main: Started @1014ms
12:46:21.666 INFO - Selenium Server is up and running
2018-05-07 12:46:22.242:INFO:osjshC.ROOT:qtp511833308-10: org.openqa.selenium.remote.server.WebDriverServlet-66a3ffec: Initialising WebDriverServlet
12:46:22.345 INFO - Binding default provider to: org.openqa.selenium.chrome.ChromeDriverService
12:46:22.346 INFO - Found handler: org.openqa.selenium.remote.server.BeginSession@7b7c1245
12:46:22.351 INFO - /session: Executing POST on /session (handler: BeginSession)
12:46:22.439 INFO - Capabilities are: Capabilities {acceptSslCerts=true, phantomjs.binary.path=/Users/allianz/Desktop/GDPR..., browserName=chrome, javascriptEnabled=true, chromeOptions={extensions=[Q3IyNAMAAABFAgAAEqwECqYCMII...]}, platformName=ANY, platform=ANY, }
12:46:22.441 INFO - Capabilities {acceptSslCerts=true, phantomjs.binary.path=/Users/allianz/Desktop/GDPR..., browserName=chrome, javascriptEnabled=true, chromeOptions={extensions=[Q3IyNAMAAABFAgAAEqwECqYCMII...]}, platformName=ANY, platform=ANY, } matched class org.openqa.selenium.remote.server.ServicedSession$Factory (provider: org.openqa.selenium.chrome.ChromeDriverService)
12:46:22.441 INFO - Capabilities {acceptSslCerts=true, phantomjs.binary.path=/Users/allianz/Desktop/GDPR..., browserName=chrome, javascriptEnabled=true, chromeOptions={extensions=[Q3IyNAMAAABFAgAAEqwECqYCMII...]}, platformName=ANY, platform=ANY, } matched class org.openqa.selenium.remote.server.ServicedSession$Factory (provider: org.openqa.selenium.chrome.ChromeDriverService)
12:46:22.441 INFO - Capabilities {acceptSslCerts=true, phantomjs.binary.path=/Users/allianz/Desktop/GDPR..., browserName=chrome, javascriptEnabled=true, chromeOptions={extensions=[Q3IyNAMAAABFAgAAEqwECqYCMII...]}, platformName=ANY, platform=ANY, } matched class org.openqa.selenium.remote.server.ServicedSession$Factory (provider: org.openqa.selenium.chrome.ChromeDriverService)
Starting ChromeDriver 2.31.488774 (7e15618d1bf16df8bf0ecf2914ed1964a387ba0b) on port 34917
Only local connections are allowed.
12:46:23.977 INFO - Found handler: org.openqa.selenium.remote.server.ServicedSession@30dac10b
12:46:23.977 INFO - Handler thread for session f67fa3d6b15f37288e507d6886ca2e63 (chrome): Executing POST on /session/f67fa3d6b15f37288e507d6886ca2e63/url (handler: ServicedSession)
12:46:23.982 INFO - To upstream: {"url":"http://localhost:8080/oneweb/cms/oneWeb.sample/add/"}
12:46:26.512 INFO - To downstream: {"sessionId":"f67fa3d6b15f37288e507d6886ca2e63","status":0,"value":null}
12:46:26.523 INFO - Found handler: org.openqa.selenium.remote.server.ServicedSession@30dac10b
12:46:26.523 INFO - Handler thread for session f67fa3d6b15f37288e507d6886ca2e63 (chrome): Executing POST on /session/f67fa3d6b15f37288e507d6886ca2e63/elements (handler: ServicedSession)
12:46:26.524 INFO - To upstream: {"using":"css selector","value":"body"}
12:46:26.539 INFO - To downstream: {"sessionId":"f67fa3d6b15f37288e507d6886ca2e63","status":0,"value":[{"ELEMENT":"0.35928021022811985-1"}]}
12:46:26.542 INFO - Found handler: org.openqa.selenium.remote.server.ServicedSession@30dac10b
12:46:26.543 INFO - Handler thread for session f67fa3d6b15f37288e507d6886ca2e63 (chrome): Executing GET on /session/f67fa3d6b15f37288e507d6886ca2e63/element/0.35928021022811985-1/displayed (handler: ServicedSession)
12:46:26.557 INFO - To downstream: {"sessionId":"f67fa3d6b15f37288e507d6886ca2e63","status":0,"value":true}
12:46:26.570 INFO - Found handler: org.openqa.selenium.remote.server.ServicedSession@30dac10b
12:46:26.571 INFO - Handler thread for session f67fa3d6b15f37288e507d6886ca2e63 (chrome): Executing POST on /session/f67fa3d6b15f37288e507d6886ca2e63/elements (handler: ServicedSession)
12:46:26.573 INFO - To upstream: {"using":"css selector","value":"body"}
12:46:26.580 INFO - To downstream: {"sessionId":"f67fa3d6b15f37288e507d6886ca2e63","status":0,"value":[{"ELEMENT":"0.35928021022811985-1"}]}
12:46:26.583 INFO - Found handler: org.openqa.selenium.remote.server.ServicedSession@30dac10b
12:46:26.583 INFO - Handler thread for session f67fa3d6b15f37288e507d6886ca2e63 (chrome): Executing GET on /session/f67fa3d6b15f37288e507d6886ca2e63/element/0.35928021022811985-1/displayed (handler: ServicedSession)
12:46:26.590 INFO - To downstream: {"sessionId":"f67fa3d6b15f37288e507d6886ca2e63","status":0,"value":true}
12:46:28.610 INFO - Found handler: org.openqa.selenium.remote.server.ServicedSession@30dac10b
12:46:28.611 INFO - Handler thread for session f67fa3d6b15f37288e507d6886ca2e63 (chrome): Executing POST on /session/f67fa3d6b15f37288e507d6886ca2e63/elements (handler: ServicedSession)
12:46:28.612 INFO - To upstream: {"using":"css selector","value":".optanon-alert-box-wrapper"}
12:46:28.624 INFO - To downstream: {"sessionId":"f67fa3d6b15f37288e507d6886ca2e63","status":0,"value":[{"ELEMENT":"0.35928021022811985-2"}]}
12:46:28.628 INFO - Found handler: org.openqa.selenium.remote.server.ServicedSession@30dac10b
12:46:28.628 INFO - Handler thread for session f67fa3d6b15f37288e507d6886ca2e63 (chrome): Executing GET on /session/f67fa3d6b15f37288e507d6886ca2e63/element/0.35928021022811985-2/displayed (handler: ServicedSession)
12:46:28.642 INFO - To downstream: {"sessionId":"f67fa3d6b15f37288e507d6886ca2e63","status":0,"value":true}
12:46:28.646 INFO - Found handler: org.openqa.selenium.remote.server.ServicedSession@30dac10b
12:46:28.646 INFO - Handler thread for session f67fa3d6b15f37288e507d6886ca2e63 (chrome): Executing POST on /session/f67fa3d6b15f37288e507d6886ca2e63/element (handler: ServicedSession)
12:46:28.649 INFO - To upstream: {"using":"css selector","value":".optanon-button-more .optanon-toggle-display"}
12:46:28.673 INFO - To downstream: {"sessionId":"f67fa3d6b15f37288e507d6886ca2e63","status":0,"value":{"ELEMENT":"0.35928021022811985-3"}}
12:46:28.676 INFO - Found handler: org.openqa.selenium.remote.server.ServicedSession@30dac10b
12:46:28.676 INFO - Handler thread for session f67fa3d6b15f37288e507d6886ca2e63 (chrome): Executing POST on /session/f67fa3d6b15f37288e507d6886ca2e63/element/0.35928021022811985-3/click (handler: ServicedSession)
12:46:28.677 INFO - To upstream: 
12:46:28.756 INFO - To downstream: {"sessionId":"f67fa3d6b15f37288e507d6886ca2e63","status":0,"value":null}
12:46:30.777 INFO - Found handler: org.openqa.selenium.remote.server.ServicedSession@30dac10b
12:46:30.777 INFO - Handler thread for session f67fa3d6b15f37288e507d6886ca2e63 (chrome): Executing POST on /session/f67fa3d6b15f37288e507d6886ca2e63/elements (handler: ServicedSession)
12:46:30.778 INFO - To upstream: {"using":"css selector","value":"#optanon-popup-body-left"}
12:46:30.791 INFO - To downstream: {"sessionId":"f67fa3d6b15f37288e507d6886ca2e63","status":0,"value":[{"ELEMENT":"0.35928021022811985-4"}]}
12:46:30.794 INFO - Found handler: org.openqa.selenium.remote.server.ServicedSession@30dac10b
12:46:30.794 INFO - Handler thread for session f67fa3d6b15f37288e507d6886ca2e63 (chrome): Executing GET on /session/f67fa3d6b15f37288e507d6886ca2e63/element/0.35928021022811985-4/displayed (handler: ServicedSession)
12:46:30.808 INFO - To downstream: {"sessionId":"f67fa3d6b15f37288e507d6886ca2e63","status":0,"value":true}
12:46:30.812 INFO - Found handler: org.openqa.selenium.remote.server.ServicedSession@30dac10b
12:46:30.812 INFO - Handler thread for session f67fa3d6b15f37288e507d6886ca2e63 (chrome): Executing POST on /session/f67fa3d6b15f37288e507d6886ca2e63/element (handler: ServicedSession)
12:46:30.814 INFO - To upstream: {"using":"xpath","value":"//*[contains(text(),'Targeting Cookies')]"}
12:46:30.829 INFO - To downstream: {"sessionId":"f67fa3d6b15f37288e507d6886ca2e63","status":0,"value":{"ELEMENT":"0.35928021022811985-5"}}
12:46:30.832 INFO - Found handler: org.openqa.selenium.remote.server.ServicedSession@30dac10b
12:46:30.833 INFO - Handler thread for session f67fa3d6b15f37288e507d6886ca2e63 (chrome): Executing POST on /session/f67fa3d6b15f37288e507d6886ca2e63/element/0.35928021022811985-5/click (handler: ServicedSession)
12:46:30.834 INFO - To upstream: 
12:46:30.877 INFO - To downstream: {"sessionId":"f67fa3d6b15f37288e507d6886ca2e63","status":0,"value":null}
12:46:32.889 INFO - Found handler: org.openqa.selenium.remote.server.ServicedSession@30dac10b
12:46:32.889 INFO - Handler thread for session f67fa3d6b15f37288e507d6886ca2e63 (chrome): Executing POST on /session/f67fa3d6b15f37288e507d6886ca2e63/elements (handler: ServicedSession)
12:46:32.891 INFO - To upstream: {"using":"css selector","value":"#optanon-popup-body-right"}
12:46:32.904 INFO - To downstream: {"sessionId":"f67fa3d6b15f37288e507d6886ca2e63","status":0,"value":[{"ELEMENT":"0.35928021022811985-6"}]}
12:46:32.906 INFO - Found handler: org.openqa.selenium.remote.server.ServicedSession@30dac10b
12:46:32.906 INFO - Handler thread for session f67fa3d6b15f37288e507d6886ca2e63 (chrome): Executing GET on /session/f67fa3d6b15f37288e507d6886ca2e63/element/0.35928021022811985-6/displayed (handler: ServicedSession)
12:46:32.919 INFO - To downstream: {"sessionId":"f67fa3d6b15f37288e507d6886ca2e63","status":0,"value":true}
12:46:32.922 INFO - Found handler: org.openqa.selenium.remote.server.ServicedSession@30dac10b
12:46:32.922 INFO - Handler thread for session f67fa3d6b15f37288e507d6886ca2e63 (chrome): Executing POST on /session/f67fa3d6b15f37288e507d6886ca2e63/element (handler: ServicedSession)
12:46:32.926 INFO - To upstream: {"using":"css selector","value":"#optanon-popup-more-info-bar"}
12:46:32.939 INFO - To downstream: {"sessionId":"f67fa3d6b15f37288e507d6886ca2e63","status":0,"value":{"ELEMENT":"0.35928021022811985-7"}}
12:46:32.942 INFO - Found handler: org.openqa.selenium.remote.server.ServicedSession@30dac10b
12:46:32.942 INFO - Handler thread for session f67fa3d6b15f37288e507d6886ca2e63 (chrome): Executing POST on /session/f67fa3d6b15f37288e507d6886ca2e63/element/0.35928021022811985-7/click (handler: ServicedSession)
12:46:32.943 INFO - To upstream: 
12:46:32.989 INFO - To downstream: {"sessionId":"f67fa3d6b15f37288e507d6886ca2e63","status":0,"value":null}
12:46:34.002 INFO - Found handler: org.openqa.selenium.remote.server.ServicedSession@30dac10b
12:46:34.003 INFO - Handler thread for session f67fa3d6b15f37288e507d6886ca2e63 (chrome): Executing POST on /session/f67fa3d6b15f37288e507d6886ca2e63/elements (handler: ServicedSession)
12:46:34.004 INFO - To upstream: {"using":"css selector","value":"#optanon-popup-wrapper"}
12:46:34.015 INFO - To downstream: {"sessionId":"f67fa3d6b15f37288e507d6886ca2e63","status":0,"value":[{"ELEMENT":"0.35928021022811985-8"}]}
12:46:34.027 INFO - Found handler: org.openqa.selenium.remote.server.ServicedSession@30dac10b
12:46:34.027 INFO - Handler thread for session f67fa3d6b15f37288e507d6886ca2e63 (chrome): Executing GET on /session/f67fa3d6b15f37288e507d6886ca2e63/element/0.35928021022811985-8/displayed (handler: ServicedSession)
12:46:34.041 INFO - To downstream: {"sessionId":"f67fa3d6b15f37288e507d6886ca2e63","status":0,"value":true}
12:46:39.045 INFO - Found handler: org.openqa.selenium.remote.server.ServicedSession@30dac10b
12:46:39.045 INFO - Handler thread for session f67fa3d6b15f37288e507d6886ca2e63 (chrome): Executing POST on /session/f67fa3d6b15f37288e507d6886ca2e63/elements (handler: ServicedSession)
12:46:39.046 INFO - To upstream: {"using":"css selector","value":"#optanon-popup-wrapper"}
12:46:39.054 INFO - To downstream: {"sessionId":"f67fa3d6b15f37288e507d6886ca2e63","status":0,"value":[{"ELEMENT":"0.35928021022811985-8"}]}
12:46:39.058 INFO - Found handler: org.openqa.selenium.remote.server.ServicedSession@30dac10b
12:46:39.058 INFO - Handler thread for session f67fa3d6b15f37288e507d6886ca2e63 (chrome): Executing GET on /session/f67fa3d6b15f37288e507d6886ca2e63/element/0.35928021022811985-8/displayed (handler: ServicedSession)
12:46:39.065 INFO - To downstream: {"sessionId":"f67fa3d6b15f37288e507d6886ca2e63","status":0,"value":true}
12:46:39.068 INFO - Found handler: org.openqa.selenium.remote.server.ServicedSession@30dac10b
12:46:39.069 INFO - Handler thread for session f67fa3d6b15f37288e507d6886ca2e63 (chrome): Executing POST on /session/f67fa3d6b15f37288e507d6886ca2e63/element (handler: ServicedSession)
12:46:39.071 INFO - To upstream: {"using":"css selector","value":".optanon-close.optanon-close-consent .optanon-white-button-middle"}
12:46:39.084 INFO - To downstream: {"sessionId":"f67fa3d6b15f37288e507d6886ca2e63","status":0,"value":{"ELEMENT":"0.35928021022811985-9"}}
12:46:39.086 INFO - Found handler: org.openqa.selenium.remote.server.ServicedSession@30dac10b
12:46:39.087 INFO - Handler thread for session f67fa3d6b15f37288e507d6886ca2e63 (chrome): Executing POST on /session/f67fa3d6b15f37288e507d6886ca2e63/element/0.35928021022811985-9/click (handler: ServicedSession)
12:46:39.088 INFO - To upstream: 
12:46:39.148 INFO - To downstream: {"sessionId":"f67fa3d6b15f37288e507d6886ca2e63","status":0,"value":null}
12:46:41.160 INFO - Found handler: org.openqa.selenium.remote.server.ServicedSession@30dac10b
12:46:41.161 INFO - Handler thread for session f67fa3d6b15f37288e507d6886ca2e63 (chrome): Executing POST on /session/f67fa3d6b15f37288e507d6886ca2e63/elements (handler: ServicedSession)
12:46:41.162 INFO - To upstream: {"using":"css selector","value":"body"}
12:46:41.169 INFO - To downstream: {"sessionId":"f67fa3d6b15f37288e507d6886ca2e63","status":0,"value":[{"ELEMENT":"0.35928021022811985-1"}]}
12:46:41.173 INFO - Found handler: org.openqa.selenium.remote.server.ServicedSession@30dac10b
12:46:41.173 INFO - Handler thread for session f67fa3d6b15f37288e507d6886ca2e63 (chrome): Executing GET on /session/f67fa3d6b15f37288e507d6886ca2e63/element/0.35928021022811985-1/displayed (handler: ServicedSession)
12:46:41.182 INFO - To downstream: {"sessionId":"f67fa3d6b15f37288e507d6886ca2e63","status":0,"value":true}
12:46:41.186 INFO - Found handler: org.openqa.selenium.remote.server.ServicedSession@30dac10b
12:46:41.186 INFO - Handler thread for session f67fa3d6b15f37288e507d6886ca2e63 (chrome): Executing POST on /session/f67fa3d6b15f37288e507d6886ca2e63/execute (handler: ServicedSession)
12:46:41.188 INFO - To upstream: {"script":"var passedArgs = Array.prototype.slice.call(arguments,0); return function (){\n                                window.location.reload(true);\n                        }.apply(window, passedArgs);","args":[]}
12:46:42.416 INFO - To downstream: {"sessionId":"f67fa3d6b15f37288e507d6886ca2e63","status":13,"value":{"message":"unknown error: call function result missing 'value'\n  (Session info: chrome=66.0.3359.139)\n  (Driver info: chromedriver=2.31.488774 (7e15618d1bf16df8bf0ecf2914ed1964a387ba0b),platform=Mac OS X 10.12.6 x86_64)"}}
12:46:44.485 INFO - Found handler: org.openqa.selenium.remote.server.ServicedSession@30dac10b
12:46:44.485 INFO - Handler thread for session f67fa3d6b15f37288e507d6886ca2e63 (chrome): Executing POST on /session/f67fa3d6b15f37288e507d6886ca2e63/elements (handler: ServicedSession)
12:46:44.486 INFO - To upstream: {"using":"css selector","value":"body"}
12:46:44.499 INFO - To downstream: {"sessionId":"f67fa3d6b15f37288e507d6886ca2e63","status":0,"value":[{"ELEMENT":"0.5937791890729958-1"}]}
12:46:44.502 INFO - Found handler: org.openqa.selenium.remote.server.ServicedSession@30dac10b
12:46:44.502 INFO - Handler thread for session f67fa3d6b15f37288e507d6886ca2e63 (chrome): Executing GET on /session/f67fa3d6b15f37288e507d6886ca2e63/element/0.5937791890729958-1/displayed (handler: ServicedSession)
12:46:44.514 INFO - To downstream: {"sessionId":"f67fa3d6b15f37288e507d6886ca2e63","status":0,"value":true}
12:46:44.516 INFO - Found handler: org.openqa.selenium.remote.server.ServicedSession@30dac10b
12:46:44.517 INFO - Handler thread for session f67fa3d6b15f37288e507d6886ca2e63 (chrome): Executing POST on /session/f67fa3d6b15f37288e507d6886ca2e63/execute (handler: ServicedSession)
12:46:44.518 INFO - To upstream: {"script":"var passedArgs = Array.prototype.slice.call(arguments,0); return function () {\n                return allCookies;\n            }.apply(window, passedArgs);","args":[]}
12:46:44.523 INFO - To downstream: {"sessionId":"f67fa3d6b15f37288e507d6886ca2e63","status":13,"value":{"message":"unknown error: allCookies is not defined\n  (Session info: chrome=66.0.3359.139)\n  (Driver info: chromedriver=2.31.488774 (7e15618d1bf16df8bf0ecf2914ed1964a387ba0b),platform=Mac OS X 10.12.6 x86_64)"}}
12:46:46.538 INFO - Found handler: org.openqa.selenium.remote.server.ServicedSession@30dac10b
12:46:46.538 INFO - Handler thread for session f67fa3d6b15f37288e507d6886ca2e63 (chrome): Executing POST on /session/f67fa3d6b15f37288e507d6886ca2e63/elements (handler: ServicedSession)
12:46:46.539 INFO - To upstream: {"using":"css selector","value":"body"}
12:46:46.546 INFO - To downstream: {"sessionId":"f67fa3d6b15f37288e507d6886ca2e63","status":0,"value":[{"ELEMENT":"0.5937791890729958-1"}]}
12:46:46.548 INFO - Found handler: org.openqa.selenium.remote.server.ServicedSession@30dac10b
12:46:46.548 INFO - Handler thread for session f67fa3d6b15f37288e507d6886ca2e63 (chrome): Executing GET on /session/f67fa3d6b15f37288e507d6886ca2e63/element/0.5937791890729958-1/displayed (handler: ServicedSession)
12:46:46.555 INFO - To downstream: {"sessionId":"f67fa3d6b15f37288e507d6886ca2e63","status":0,"value":true}
12:46:46.557 INFO - Found handler: org.openqa.selenium.remote.server.ServicedSession@30dac10b
12:46:46.558 INFO - Handler thread for session f67fa3d6b15f37288e507d6886ca2e63 (chrome): Executing POST on /session/f67fa3d6b15f37288e507d6886ca2e63/execute (handler: ServicedSession)
12:46:46.559 INFO - To upstream: {"script":"var passedArgs = Array.prototype.slice.call(arguments,0); return function editClick(data) {\r\n                window.close();\r\n            }.apply(window, passedArgs);","args":[]}
12:46:46.565 INFO - To downstream: {"sessionId":"f67fa3d6b15f37288e507d6886ca2e63","status":13,"value":{"message":"unknown error: call function result missing 'value'\n  (Session info: chrome=66.0.3359.139)\n  (Driver info: chromedriver=2.31.488774 (7e15618d1bf16df8bf0ecf2914ed1964a387ba0b),platform=Mac OS X 10.12.6 x86_64)"}}
12:46:48.619 INFO - Found handler: org.openqa.selenium.remote.server.ServicedSession@30dac10b
12:46:48.619 INFO - Handler thread for session f67fa3d6b15f37288e507d6886ca2e63 (chrome): Executing DELETE on /session/f67fa3d6b15f37288e507d6886ca2e63 (handler: ServicedSession)
12:46:48.671 INFO - To downstream: {"sessionId":"f67fa3d6b15f37288e507d6886ca2e63","status":0,"value":null}
